0 info it worked if it ends with ok
1 verbose cli [ 'C:\\Program Files\\nodejs\\node.exe',
1 verbose cli   'C:\\Program Files\\nodejs\\node_modules\\npm\\bin\\npm-cli.js',
1 verbose cli   'run',
1 verbose cli   'moveassets' ]
2 info using npm@3.10.10
3 info using node@v6.11.2
4 verbose run-script [ 'premoveassets', 'moveassets', 'postmoveassets' ]
5 info lifecycle ngx-chips@1.4.2-beta~premoveassets: ngx-chips@1.4.2-beta
6 silly lifecycle ngx-chips@1.4.2-beta~premoveassets: no script for premoveassets, continuing
7 info lifecycle ngx-chips@1.4.2-beta~moveassets: ngx-chips@1.4.2-beta
8 verbose lifecycle ngx-chips@1.4.2-beta~moveassets: unsafe-perm in lifecycle true
9 verbose lifecycle ngx-chips@1.4.2-beta~moveassets: PATH: C:\Users\amit.mahida\AppData\Roaming\nvm\v6.11.2\node_modules\npm\bin\node-gyp-bin;d:\Workspace\AngularJs2\ngx-chips\node_modules\.bin;C:\ProgramData\Oracle\Java\javapath;C:\Program Files (x86)\Intel\iCLS Client\;C:\Program Files\Intel\iCLS Client\;C:\WINDOWS\system32;C:\WINDOWS;C:\WINDOWS\System32\Wbem;C:\WINDOWS\System32\WindowsPowerShell\v1.0\;C:\Program Files\Intel\Intel(R) Management Engine Components\DAL;C:\Program Files\Intel\Intel(R) Management Engine Components\IPT;C:\Program Files (x86)\Intel\Intel(R) Management Engine Components\DAL;C:\Program Files (x86)\Intel\Intel(R) Management Engine Components\IPT;C:\Program Files (x86)\Windows Live\Shared;C:\Program Files\TortoiseSVN\bin;C:\xampp\php;D:\MongoDB 2.6 Standard\bin;C:\ProgramData\ComposerSetup\bin;C:\Program Files\SourceGear\Common\DiffMerge\;D:\MongoDB\bin;C:\Program Files\Microsoft\Web Platform Installer\;C:\Program Files (x86)\Heroku\bin;C:\Program Files (x86)\git\cmd;C:\Program Files (x86)\WinSCP\;C:\Ruby22-x64\bin;C:\Users\amit.mahida\AppData\Local\.meteor\; D:\Cordova plateforms\Android\android-sdk\tools;D:\Cordo;C:\Users\amit.mahida\AppData\Roaming\nvm;C:\Program Files\nodejs;C:\ProgramData\chocolatey\bin;C:\Program Files (x86)\Yarn\bin;C:\Program Files (x86)\Skype\Phone\;C:\Program Files\Git\cmd;D:\Cordova plateforms\Android\android-sdk\platform-tools ;C:\Program Files (x86)\Microsoft VS Code\bin;C:\Users\amit.mahida\AppData\Local\Yarn\bin;C:\Program Files\Docker Toolbox
10 verbose lifecycle ngx-chips@1.4.2-beta~moveassets: CWD: d:\Workspace\AngularJs2\ngx-chips
11 silly lifecycle ngx-chips@1.4.2-beta~moveassets: Args: [ '/d /s /c', 'cpy \'modules/**/*.scss\' \'../dist/\'' ]
12 silly lifecycle ngx-chips@1.4.2-beta~moveassets: Returned: code: 1  signal: null
13 info lifecycle ngx-chips@1.4.2-beta~moveassets: Failed to exec moveassets script
14 verbose stack Error: ngx-chips@1.4.2-beta moveassets: `cpy 'modules/**/*.scss' '../dist/'`
14 verbose stack Exit status 1
14 verbose stack     at EventEmitter.<anonymous> (C:\Users\amit.mahida\AppData\Roaming\nvm\v6.11.2\node_modules\npm\lib\utils\lifecycle.js:255:16)
14 verbose stack     at emitTwo (events.js:106:13)
14 verbose stack     at EventEmitter.emit (events.js:191:7)
14 verbose stack     at ChildProcess.<anonymous> (C:\Users\amit.mahida\AppData\Roaming\nvm\v6.11.2\node_modules\npm\lib\utils\spawn.js:40:14)
14 verbose stack     at emitTwo (events.js:106:13)
14 verbose stack     at ChildProcess.emit (events.js:191:7)
14 verbose stack     at maybeClose (internal/child_process.js:891:16)
14 verbose stack     at Process.ChildProcess._handle.onexit (internal/child_process.js:226:5)
15 verbose pkgid ngx-chips@1.4.2-beta
16 verbose cwd d:\Workspace\AngularJs2\ngx-chips\modules
17 error Windows_NT 6.3.9600
18 error argv "C:\\Program Files\\nodejs\\node.exe" "C:\\Program Files\\nodejs\\node_modules\\npm\\bin\\npm-cli.js" "run" "moveassets"
19 error node v6.11.2
20 error npm  v3.10.10
21 error code ELIFECYCLE
22 error ngx-chips@1.4.2-beta moveassets: `cpy 'modules/**/*.scss' '../dist/'`
22 error Exit status 1
23 error Failed at the ngx-chips@1.4.2-beta moveassets script 'cpy 'modules/**/*.scss' '../dist/''.
23 error Make sure you have the latest version of node.js and npm installed.
23 error If you do, this is most likely a problem with the ngx-chips package,
23 error not with npm itself.
23 error Tell the author that this fails on your system:
23 error     cpy 'modules/**/*.scss' '../dist/'
23 error You can get information on how to open an issue for this project with:
23 error     npm bugs ngx-chips
23 error Or if that isn't available, you can get their info via:
23 error     npm owner ls ngx-chips
23 error There is likely additional logging output above.
24 verbose exit [ 1, true ]
